[13-Feb-2021 05:02:28 UTC] PHP Warning:  Cannot modify header information - headers already sent by (output started at /storage/ssd3/315/15909315/public_html/SqlService/downloadToDevice.php:1) in /storage/ssd3/315/15909315/public_html/SqlService/downloadToDevice.php on line 13
[13-Feb-2021 05:02:46 UTC] PHP Warning:  Cannot modify header information - headers already sent by (output started at /storage/ssd3/315/15909315/public_html/SqlService/downloadToDevice.php:1) in /storage/ssd3/315/15909315/public_html/SqlService/downloadToDevice.php on line 13
[13-Feb-2021 05:02:59 UTC] PHP Warning:  Cannot modify header information - headers already sent by (output started at /storage/ssd3/315/15909315/public_html/SqlService/downloadToDevice.php:1) in /storage/ssd3/315/15909315/public_html/SqlService/downloadToDevice.php on line 13
[13-Feb-2021 05:03:26 UTC] PHP Warning:  Cannot modify header information - headers already sent by (output started at /storage/ssd3/315/15909315/public_html/SqlService/downloadToDevice.php:1) in /storage/ssd3/315/15909315/public_html/SqlService/downloadToDevice.php on line 13
[13-Feb-2021 05:03:50 UTC] PHP Warning:  Cannot modify header information - headers already sent by (output started at /storage/ssd3/315/15909315/public_html/SqlService/downloadToDevice.php:1) in /storage/ssd3/315/15909315/public_html/SqlService/downloadToDevice.php on line 13
[13-Feb-2021 05:07:04 UTC] PHP Warning:  Cannot modify header information - headers already sent by (output started at /storage/ssd3/315/15909315/public_html/SqlService/downloadToDevice.php:1) in /storage/ssd3/315/15909315/public_html/SqlService/downloadToDevice.php on line 10
[13-Feb-2021 05:08:41 UTC] PHP Warning:  Cannot modify header information - headers already sent by (output started at /storage/ssd3/315/15909315/public_html/SqlService/downloadToDevice.php:1) in /storage/ssd3/315/15909315/public_html/SqlService/downloadToDevice.php on line 10
[13-Feb-2021 05:08:50 UTC] PHP Warning:  Cannot modify header information - headers already sent by (output started at /storage/ssd3/315/15909315/public_html/SqlService/downloadToDevice.php:1) in /storage/ssd3/315/15909315/public_html/SqlService/downloadToDevice.php on line 10
[13-Feb-2021 05:13:44 UTC] PHP Fatal error:  Uncaught Error: Call to undefined function file_exist() in /storage/ssd3/315/15909315/public_html/SqlService/downloadToDevice.php:13
Stack trace:
#0 {main}
  thrown in /storage/ssd3/315/15909315/public_html/SqlService/downloadToDevice.php on line 13
[13-Feb-2021 05:15:33 UTC] PHP Warning:  Cannot modify header information - headers already sent by (output started at /storage/ssd3/315/15909315/public_html/SqlService/downloadToDevice.php:1) in /storage/ssd3/315/15909315/public_html/SqlService/downloadToDevice.php on line 10
[13-Feb-2021 05:15:33 UTC] PHP Fatal error:  Uncaught Error: Call to undefined function read() in /storage/ssd3/315/15909315/public_html/SqlService/downloadToDevice.php:15
Stack trace:
#0 {main}
  thrown in /storage/ssd3/315/15909315/public_html/SqlService/downloadToDevice.php on line 15
[13-Feb-2021 05:15:48 UTC] PHP Warning:  Cannot modify header information - headers already sent by (output started at /storage/ssd3/315/15909315/public_html/SqlService/downloadToDevice.php:1) in /storage/ssd3/315/15909315/public_html/SqlService/downloadToDevice.php on line 10
[13-Feb-2021 13:21:41 UTC] PHP Notice:  Undefined index: file in /storage/ssd3/315/15909315/public_html/SqlService/uploadVideo.php on line 11
[02-Apr-2021 10:17:31 UTC] PHP Notice:  Undefined index: file in /storage/ssd3/315/15909315/public_html/SqlService/uploadVideo.php on line 11
[02-Apr-2021 10:17:33 UTC] PHP Notice:  Undefined index: file in /storage/ssd3/315/15909315/public_html/SqlService/uploadVideo.php on line 11
[02-Apr-2021 10:27:49 UTC] PHP Notice:  Undefined index: file in /storage/ssd3/315/15909315/public_html/SqlService/uploadVideo.php on line 11
[02-Apr-2021 10:28:20 UTC] PHP Notice:  Undefined index: file in /storage/ssd3/315/15909315/public_html/SqlService/uploadVideo.php on line 11
[02-Apr-2021 10:28:51 UTC] PHP Notice:  Undefined index: file in /storage/ssd3/315/15909315/public_html/smartSrv/services/uploadVideo.php on line 11
[02-Apr-2021 10:29:32 UTC] PHP Notice:  Undefined index: file in /storage/ssd3/315/15909315/public_html/smartSrv/services/uploadVideo.php on line 11
[02-Apr-2021 10:30:28 UTC] PHP Notice:  Undefined index: file in /storage/ssd3/315/15909315/public_html/smartSrv/services/uploadVideo.php on line 11
[02-Apr-2021 10:31:14 UTC] PHP Notice:  Undefined index: file in /storage/ssd3/315/15909315/public_html/smartSrv/services/uploadVideo.php on line 11
[02-Apr-2021 10:31:27 UTC] PHP Notice:  Undefined index: file in /storage/ssd3/315/15909315/public_html/smartSrv/services/uploadVideo.php on line 11
[02-Apr-2021 10:31:57 UTC] PHP Notice:  Undefined index: file in /storage/ssd3/315/15909315/public_html/smartSrv/services/uploadVideo.php on line 11
[02-Apr-2021 10:34:59 UTC] PHP Notice:  Undefined index: file in /storage/ssd3/315/15909315/public_html/smartSrv/services/uploadVideo.php on line 11
[02-Apr-2021 10:40:50 UTC] PHP Notice:  Undefined index: file in /storage/ssd3/315/15909315/public_html/smartSrv/services/uploadVideo.php on line 11
[02-Apr-2021 23:46:05 UTC] PHP Notice:  Undefined index: file in /storage/ssd3/315/15909315/public_html/smartSrv/services/uploadVideo.php on line 11
[02-Apr-2021 23:47:22 UTC] PHP Notice:  Undefined index: file in /storage/ssd3/315/15909315/public_html/smartSrv/services/uploadVideo.php on line 11
[02-Apr-2021 23:58:29 UTC] PHP Notice:  Undefined index: file in /storage/ssd3/315/15909315/public_html/smartSrv/services/uploadVideo.php on line 11
[03-Apr-2021 00:00:01 UTC] PHP Notice:  Undefined index: file in /storage/ssd3/315/15909315/public_html/smartSrv/services/uploadVideo.php on line 11
[03-Apr-2021 00:05:05 UTC] PHP Notice:  Undefined index: file in /storage/ssd3/315/15909315/public_html/smartSrv/services/uploadVideo.php on line 11
[03-Apr-2021 00:06:37 UTC] PHP Notice:  Undefined index: file in /storage/ssd3/315/15909315/public_html/smartSrv/services/uploadVideo.php on line 11
[03-Apr-2021 00:07:15 UTC] PHP Notice:  Undefined index: file in /storage/ssd3/315/15909315/public_html/smartSrv/services/uploadVideo.php on line 11
[03-Apr-2021 00:07:44 UTC] PHP Notice:  Undefined index: file in /storage/ssd3/315/15909315/public_html/smartSrv/services/uploadVideo.php on line 11
[03-Apr-2021 01:38:52 UTC] PHP Notice:  Undefined index: file in /storage/ssd3/315/15909315/public_html/smartSrv/services/uploadVideo.php on line 14
[03-Apr-2021 01:40:16 UTC] PHP Notice:  Undefined index: file in /storage/ssd3/315/15909315/public_html/smartSrv/services/uploadVideo.php on line 16
[03-Apr-2021 01:41:26 UTC] PHP Notice:  Undefined index: file in /storage/ssd3/315/15909315/public_html/smartSrv/services/uploadVideo.php on line 16
[03-Apr-2021 01:42:43 UTC] PHP Notice:  Undefined index: file in /storage/ssd3/315/15909315/public_html/smartSrv/services/uploadVideo.php on line 16
[03-Apr-2021 01:43:32 UTC] PHP Notice:  Undefined index: file in /storage/ssd3/315/15909315/public_html/smartSrv/services/uploadVideo.php on line 16
[03-Apr-2021 02:02:41 UTC] PHP Notice:  Undefined index: file in /storage/ssd3/315/15909315/public_html/smartSrv/services/uploadVideo.php on line 16
[03-Apr-2021 02:03:02 UTC] PHP Notice:  Undefined index: file in /storage/ssd3/315/15909315/public_html/smartSrv/services/uploadVideo.php on line 16
[03-Apr-2021 02:03:46 UTC] PHP Notice:  Undefined index: file in /storage/ssd3/315/15909315/public_html/smartSrv/services/uploadVideo.php on line 16
[03-Apr-2021 02:05:54 UTC] PHP Notice:  Undefined index: file in /storage/ssd3/315/15909315/public_html/smartSrv/services/uploadVideo.php on line 16
[03-Apr-2021 02:08:20 UTC] PHP Notice:  Undefined index: file in /storage/ssd3/315/15909315/public_html/smartSrv/services/uploadVideo.php on line 16
[03-Apr-2021 02:08:45 UTC] PHP Notice:  Undefined index: file in /storage/ssd3/315/15909315/public_html/smartSrv/services/uploadVideo.php on line 16
[03-Apr-2021 02:09:51 UTC] PHP Notice:  Undefined index: file in /storage/ssd3/315/15909315/public_html/smartSrv/services/uploadVideo.php on line 16
[03-Apr-2021 02:10:13 UTC] PHP Notice:  Undefined index: file in /storage/ssd3/315/15909315/public_html/smartSrv/services/uploadVideo.php on line 16
[03-Apr-2021 02:10:59 UTC] PHP Notice:  Undefined index: file in /storage/ssd3/315/15909315/public_html/smartSrv/services/uploadVideo.php on line 16
[03-Apr-2021 02:11:17 UTC] PHP Notice:  Undefined index: file in /storage/ssd3/315/15909315/public_html/smartSrv/services/uploadVideo.php on line 16
[03-Apr-2021 02:13:09 UTC] PHP Notice:  Undefined index: file in /storage/ssd3/315/15909315/public_html/smartSrv/services/uploadVideo.php on line 22
[03-Apr-2021 02:15:50 UTC] PHP Notice:  Undefined index: file in /storage/ssd3/315/15909315/public_html/smartSrv/services/uploadVideo.php on line 16
[03-Apr-2021 02:28:01 UTC] PHP Notice:  Undefined index: file in /storage/ssd3/315/15909315/public_html/smartSrv/services/uploadVideo.php on line 26
[03-Apr-2021 05:38:24 UTC] PHP Notice:  Undefined index: file in /storage/ssd3/315/15909315/public_html/smartSrv/services/uploadVideo.php on line 26
[03-Apr-2021 05:42:24 UTC] PHP Notice:  Undefined index: file in /storage/ssd3/315/15909315/public_html/smartSrv/services/uploadVideo.php on line 16
[03-Apr-2021 05:42:46 UTC] PHP Notice:  Undefined index: file in /storage/ssd3/315/15909315/public_html/smartSrv/services/uploadVideo.php on line 16
[03-Apr-2021 05:43:05 UTC] PHP Notice:  Undefined index: file in /storage/ssd3/315/15909315/public_html/smartSrv/services/uploadVideo.php on line 16
[03-Apr-2021 05:43:18 UTC] PHP Notice:  Undefined index: file in /storage/ssd3/315/15909315/public_html/smartSrv/services/uploadVideo.php on line 16
[03-Apr-2021 05:43:38 UTC] PHP Notice:  Undefined index: file in /storage/ssd3/315/15909315/public_html/smartSrv/services/uploadVideo.php on line 16
[03-Apr-2021 05:43:48 UTC] PHP Warning:  move_uploaded_file(uploads/WIN_20210403_12_38_46_Pro.mp4): failed to open stream: No such file or directory in /storage/ssd3/315/15909315/public_html/smartSrv/services/uploadVideo.php on line 25
[03-Apr-2021 05:43:48 UTC] PHP Warning:  move_uploaded_file(): Unable to move '/storage/ssd3/315/15909315/tmp/phpflGVDp' to 'uploads/WIN_20210403_12_38_46_Pro.mp4' in /storage/ssd3/315/15909315/public_html/smartSrv/services/uploadVideo.php on line 25
[03-Apr-2021 05:44:54 UTC] PHP Notice:  Undefined index: file in /storage/ssd3/315/15909315/public_html/smartSrv/services/uploadVideo.php on line 16
[03-Apr-2021 05:45:04 UTC] PHP Warning:  move_uploaded_file(videos/WIN_20210403_12_38_46_Pro.mp4): failed to open stream: No such file or directory in /storage/ssd3/315/15909315/public_html/smartSrv/services/uploadVideo.php on line 25
[03-Apr-2021 05:45:04 UTC] PHP Warning:  move_uploaded_file(): Unable to move '/storage/ssd3/315/15909315/tmp/phpmgFa5x' to 'videos/WIN_20210403_12_38_46_Pro.mp4' in /storage/ssd3/315/15909315/public_html/smartSrv/services/uploadVideo.php on line 25
[03-Apr-2021 05:47:59 UTC] PHP Notice:  Undefined index: file in /storage/ssd3/315/15909315/public_html/smartSrv/services/uploadVideo.php on line 16
[03-Apr-2021 05:48:08 UTC] PHP Warning:  move_uploaded_file(videos/WIN_20210403_12_38_46_Pro.mp4): failed to open stream: No such file or directory in /storage/ssd3/315/15909315/public_html/smartSrv/services/uploadVideo.php on line 25
[03-Apr-2021 05:48:08 UTC] PHP Warning:  move_uploaded_file(): Unable to move '/storage/ssd3/315/15909315/tmp/phpts2GUj' to 'videos/WIN_20210403_12_38_46_Pro.mp4' in /storage/ssd3/315/15909315/public_html/smartSrv/services/uploadVideo.php on line 25
[03-Apr-2021 05:49:23 UTC] PHP Notice:  Undefined index: file in /storage/ssd3/315/15909315/public_html/smartSrv/services/uploadVideo.php on line 16
[03-Apr-2021 05:49:34 UTC] PHP Warning:  move_uploaded_file(): open_basedir restriction in effect. File(videos/WIN_20210403_12_38_46_Pro.mp4) is not within the allowed path(s): (/opt/awex-pages:/storage/ssd3/315/15909315) in /storage/ssd3/315/15909315/public_html/smartSrv/services/uploadVideo.php on line 25
[03-Apr-2021 05:59:29 UTC] PHP Notice:  Undefined index: file in /storage/ssd3/315/15909315/public_html/smartSrv/inputService.php on line 14
[03-Apr-2021 06:00:06 UTC] PHP Notice:  Undefined index: file in /storage/ssd3/315/15909315/public_html/smartSrv/inputService.php on line 14
[03-Apr-2021 06:00:36 UTC] PHP Notice:  Undefined index: file in /storage/ssd3/315/15909315/public_html/smartSrv/inputService.php on line 14
[03-Apr-2021 06:01:06 UTC] PHP Notice:  Undefined index: file in /storage/ssd3/315/15909315/public_html/smartSrv/inputService.php on line 14
[03-Apr-2021 06:01:28 UTC] PHP Notice:  Undefined index: file in /storage/ssd3/315/15909315/public_html/smartSrv/inputService.php on line 14
[03-Apr-2021 06:07:22 UTC] PHP Notice:  Undefined index: file in /storage/ssd3/315/15909315/public_html/smartSrv/inputService.php on line 14
[03-Apr-2021 06:07:47 UTC] PHP Notice:  Undefined index: file in /storage/ssd3/315/15909315/public_html/smartSrv/inputService.php on line 14
[03-Apr-2021 06:08:43 UTC] PHP Notice:  Undefined index: file in /storage/ssd3/315/15909315/public_html/smartSrv/inputService.php on line 14
[03-Apr-2021 06:09:53 UTC] PHP Notice:  Undefined index: file in /storage/ssd3/315/15909315/public_html/smartSrv/inputService.php on line 14
[03-Apr-2021 06:11:30 UTC] PHP Notice:  Undefined index: file in /storage/ssd3/315/15909315/public_html/smartSrv/inputService.php on line 14
[03-Apr-2021 06:11:47 UTC] PHP Notice:  Undefined index: file in /storage/ssd3/315/15909315/public_html/smartSrv/inputService.php on line 14
[03-Apr-2021 06:13:26 UTC] PHP Notice:  Undefined index: file in /storage/ssd3/315/15909315/public_html/smartSrv/inputService.php on line 14
[03-Apr-2021 06:13:45 UTC] PHP Notice:  Undefined index: file in /storage/ssd3/315/15909315/public_html/smartSrv/inputService.php on line 14
[03-Apr-2021 06:31:40 UTC] PHP Notice:  Undefined index: file in /storage/ssd3/315/15909315/public_html/smartSrv/inputService.php on line 14
[03-Apr-2021 06:32:18 UTC] PHP Notice:  Undefined variable: newfilename in /storage/ssd3/315/15909315/public_html/smartSrv/inputService.php on line 46
[03-Apr-2021 06:32:18 UTC] PHP Warning:  move_uploaded_file(): The second argument to copy() function cannot be a directory in /storage/ssd3/315/15909315/public_html/smartSrv/inputService.php on line 46
[03-Apr-2021 06:32:18 UTC] PHP Warning:  move_uploaded_file(): Unable to move '/storage/ssd3/315/15909315/tmp/phpCqfMJs' to 'videos/' in /storage/ssd3/315/15909315/public_html/smartSrv/inputService.php on line 46
[03-Apr-2021 14:40:42 Asia/Jakarta] PHP Warning:  A non-numeric value encountered in /storage/ssd3/315/15909315/public_html/smartSrv/inputService.php on line 118
[03-Apr-2021 14:40:42 Asia/Jakarta] PHP Notice:  A non well formed numeric value encountered in /storage/ssd3/315/15909315/public_html/smartSrv/inputService.php on line 118
[03-Apr-2021 14:42:30 Asia/Jakarta] PHP Warning:  A non-numeric value encountered in /storage/ssd3/315/15909315/public_html/smartSrv/inputService.php on line 118
[03-Apr-2021 14:42:30 Asia/Jakarta] PHP Notice:  A non well formed numeric value encountered in /storage/ssd3/315/15909315/public_html/smartSrv/inputService.php on line 118
[03-Apr-2021 13:41:46 UTC] PHP Warning:  mysqli_fetch_assoc() expects parameter 1 to be mysqli_result, boolean given in /storage/ssd3/315/15909315/public_html/smartSrv/getUserDataExceptVideoMsg.php on line 30
[03-Apr-2021 14:17:13 UTC] PHP Notice:  Array to string conversion in /storage/ssd3/315/15909315/public_html/smartSrv/getVideoMsgPath.php on line 37
[03-Apr-2021 14:17:28 UTC] PHP Notice:  Array to string conversion in /storage/ssd3/315/15909315/public_html/smartSrv/getVideoMsgPath.php on line 37
[04-Apr-2021 09:42:13 UTC] PHP Warning:  mysqli_fetch_assoc() expects parameter 1 to be mysqli_result, boolean given in /storage/ssd3/315/15909315/public_html/smartSrv/getUserAccount.php on line 30
[04-Apr-2021 09:43:57 UTC] PHP Warning:  mysqli_fetch_assoc() expects parameter 1 to be mysqli_result, boolean given in /storage/ssd3/315/15909315/public_html/smartSrv/getUserAccount.php on line 30
[07-Apr-2021 13:43:39 UTC] PHP Warning:  A non-numeric value encountered in /storage/ssd3/315/15909315/public_html/smartSrv/SignInUserName.php on line 10
[07-Apr-2021 13:43:39 UTC] PHP Warning:  A non-numeric value encountered in /storage/ssd3/315/15909315/public_html/smartSrv/SignInUserName.php on line 10
[08-Apr-2021 21:42:17 Asia/Jakarta] PHP Notice:  Undefined variable: dateTime in /storage/ssd3/315/15909315/public_html/smartSrv/inputService.php on line 47
[09-Apr-2021 15:06:09 UTC] PHP Recoverable fatal error:  Object of class DateTime could not be converted to string in /storage/ssd3/315/15909315/public_html/smartSrv/tes2.php on line 6
[09-Apr-2021 15:06:28 UTC] PHP Recoverable fatal error:  Object of class DateTime could not be converted to string in /storage/ssd3/315/15909315/public_html/smartSrv/tes2.php on line 6
[09-Apr-2021 15:08:09 UTC] PHP Recoverable fatal error:  Object of class DateTime could not be converted to string in /storage/ssd3/315/15909315/public_html/smartSrv/tes2.php on line 6
[09-Apr-2021 15:33:52 UTC] PHP Recoverable fatal error:  Object of class DateTime could not be converted to string in /storage/ssd3/315/15909315/public_html/smartSrv/tes2.php on line 6
[09-Apr-2021 15:37:08 UTC] PHP Recoverable fatal error:  Object of class stdClass could not be converted to string in /storage/ssd3/315/15909315/public_html/smartSrv/tes2.php on line 45
[09-Apr-2021 15:38:20 UTC] PHP Notice:  Array to string conversion in /storage/ssd3/315/15909315/public_html/smartSrv/tes2.php on line 45
[09-Apr-2021 15:38:32 UTC] PHP Notice:  Array to string conversion in /storage/ssd3/315/15909315/public_html/smartSrv/tes2.php on line 45
[09-Apr-2021 15:41:03 UTC] PHP Warning:  json_decode() expects parameter 1 to be string, array given in /storage/ssd3/315/15909315/public_html/smartSrv/tes2.php on line 42
[10-Apr-2021 09:49:43 UTC] PHP Warning:  file_get_contents([
    {
        &quot;indexID&quot;: &quot;9&quot;,
        &quot;user_email&quot;: &quot;wira1262@gmail.com&quot;,
        &quot;voltage&quot;: &quot;123&quot;,
        &quot;current&quot;: &quot;21&quot;,
        &quot;water_debit&quot;: &quot;12&quot;,
        &quot;isAcOn&quot;: &quot;0&quot;,
        &quot;temperature&quot;: &quot;33.5&quot;,
        &quot;isCourier&quot;: &quot;1&quot;,
        &quot;courier_msg&quot;: &quot;pkaet&quot;,
        &quot;courier_msg_voice&quot;: null,
        &quot;video_surveillance_path&quot;: &quot;videos\/2021-04-04 11:05:19.mp4&quot;,
        &quot;time&quot;: &quot;11:05:19&quot;,
        &quot;month&quot;: &quot;&quot;,
        &quot;date&quot;: &quot;&quot;,
        &quot;year&quot;: &quot;&quot;
    },
    {
        &quot;indexID&quot;: &quot;10&quot;,
        &quot;user_email&quot;: &quot;wira1262@gmail.com&quot;,
        &quot;voltage&quot;: &quot;4&quot;,
        &quot;current&quot;: &quot;3&quot;,
        &quot;water_debit&quot;: &quot;4&quot in /storage/ssd3/315/15909315/public_html/smartSrv/tes2.php on line 44
[10-Apr-2021 09:50:52 UTC] PHP Warning:  file_get_contents([
    {
        &quot;indexID&quot;: &quot;9&quot;,
        &quot;user_email&quot;: &quot;wira1262@gmail.com&quot;,
        &quot;voltage&quot;: &quot;123&quot;,
        &quot;current&quot;: &quot;21&quot;,
        &quot;water_debit&quot;: &quot;12&quot;,
        &quot;isAcOn&quot;: &quot;0&quot;,
        &quot;temperature&quot;: &quot;33.5&quot;,
        &quot;isCourier&quot;: &quot;1&quot;,
        &quot;courier_msg&quot;: &quot;pkaet&quot;,
        &quot;courier_msg_voice&quot;: null,
        &quot;video_surveillance_path&quot;: &quot;videos\/2021-04-04 11:05:19.mp4&quot;,
        &quot;time&quot;: &quot;11:05:19&quot;,
        &quot;month&quot;: &quot;&quot;,
        &quot;date&quot;: &quot;&quot;,
        &quot;year&quot;: &quot;&quot;
    },
    {
        &quot;indexID&quot;: &quot;10&quot;,
        &quot;user_email&quot;: &quot;wira1262@gmail.com&quot;,
        &quot;voltage&quot;: &quot;4&quot;,
        &quot;current&quot;: &quot;3&quot;,
        &quot;water_debit&quot;: &quot;4&quot in /storage/ssd3/315/15909315/public_html/smartSrv/tes2.php on line 44
[10-Apr-2021 10:04:42 UTC] PHP Fatal error:  Cannot use [] for reading in /storage/ssd3/315/15909315/public_html/smartSrv/tes2.php on line 44
[10-Apr-2021 10:04:54 UTC] PHP Warning:  Illegal string offset 'email' in /storage/ssd3/315/15909315/public_html/smartSrv/tes2.php on line 44
[10-Apr-2021 10:05:16 UTC] PHP Warning:  Illegal string offset 'email' in /storage/ssd3/315/15909315/public_html/smartSrv/tes2.php on line 44
[10-Apr-2021 10:05:27 UTC] PHP Warning:  Illegal string offset 'email' in /storage/ssd3/315/15909315/public_html/smartSrv/tes2.php on line 44
[10-Apr-2021 10:06:03 UTC] PHP Warning:  Illegal string offset 'water_debit' in /storage/ssd3/315/15909315/public_html/smartSrv/tes2.php on line 44
[10-Apr-2021 10:14:08 UTC] PHP Recoverable fatal error:  Object of class stdClass could not be converted to string in /storage/ssd3/315/15909315/public_html/smartSrv/tes3.php on line 8
[10-Apr-2021 10:15:15 UTC] PHP Notice:  Array to string conversion in /storage/ssd3/315/15909315/public_html/smartSrv/tes2.php on line 44
[10-Apr-2021 10:26:58 UTC] PHP Notice:  Trying to get property 'water_debit' of non-object in /storage/ssd3/315/15909315/public_html/smartSrv/tes2.php on line 48
[10-Apr-2021 10:29:19 UTC] PHP Warning:  json_decode() expects parameter 1 to be string, array given in /storage/ssd3/315/15909315/public_html/smartSrv/tes2.php on line 46
[10-Apr-2021 10:29:19 UTC] PHP Notice:  Trying to get property 'water_debit' of non-object in /storage/ssd3/315/15909315/public_html/smartSrv/tes2.php on line 48
[10-Apr-2021 10:30:17 UTC] PHP Warning:  json_decode() expects parameter 1 to be string, array given in /storage/ssd3/315/15909315/public_html/smartSrv/tes2.php on line 46
[10-Apr-2021 10:30:17 UTC] PHP Notice:  Trying to get property 'water_debit' of non-object in /storage/ssd3/315/15909315/public_html/smartSrv/tes2.php on line 48
[10-Apr-2021 10:30:19 UTC] PHP Warning:  json_decode() expects parameter 1 to be string, array given in /storage/ssd3/315/15909315/public_html/smartSrv/tes2.php on line 46
[10-Apr-2021 10:30:19 UTC] PHP Notice:  Trying to get property 'water_debit' of non-object in /storage/ssd3/315/15909315/public_html/smartSrv/tes2.php on line 48
[10-Apr-2021 10:30:30 UTC] PHP Warning:  json_decode() expects parameter 1 to be string, array given in /storage/ssd3/315/15909315/public_html/smartSrv/tes2.php on line 46
[10-Apr-2021 10:30:30 UTC] PHP Notice:  Trying to get property 'water_debit' of non-object in /storage/ssd3/315/15909315/public_html/smartSrv/tes2.php on line 48
[10-Apr-2021 10:30:49 UTC] PHP Notice:  Trying to get property 'water_debit' of non-object in /storage/ssd3/315/15909315/public_html/smartSrv/tes2.php on line 48
[10-Apr-2021 10:31:08 UTC] PHP Warning:  json_decode() expects parameter 1 to be string, array given in /storage/ssd3/315/15909315/public_html/smartSrv/tes2.php on line 46
[10-Apr-2021 10:31:08 UTC] PHP Notice:  Trying to get property 'water_debit' of non-object in /storage/ssd3/315/15909315/public_html/smartSrv/tes2.php on line 48
[10-Apr-2021 10:39:15 UTC] PHP Notice:  Trying to get property 'water_debit' of non-object in /storage/ssd3/315/15909315/public_html/smartSrv/tes2.php on line 56
[10-Apr-2021 22:33:51 Asia/Jakarta] PHP Notice:  Undefined variable: dateTime in /storage/ssd3/315/15909315/public_html/smartSrv/inputService.php on line 48
[10-Apr-2021 22:35:01 Asia/Jakarta] PHP Notice:  Undefined variable: dateTime in /storage/ssd3/315/15909315/public_html/smartSrv/inputService.php on line 48
[10-Apr-2021 22:36:53 Asia/Jakarta] PHP Notice:  Undefined variable: dateTime in /storage/ssd3/315/15909315/public_html/smartSrv/inputService.php on line 48
[10-Apr-2021 22:38:17 Asia/Jakarta] PHP Notice:  Undefined variable: dateTime in /storage/ssd3/315/15909315/public_html/smartSrv/inputService.php on line 48
